This file contains any messages produced by compilers while
running configure, to aid debugging if configure makes a mistake.

It was created by FreeSASA configure 2.0, which was
generated by GNU Autoconf 2.69.  Invocation command line was

  $ ./configure --prefix=/home/jlaniado/bin/freesasa/local --disable-xml --disable-json

## --------- ##
## Platform. ##
## --------- ##

hostname = escher.mbi.ucla.edu
uname -m = x86_64
uname -r = 4.4.0-93-generic
uname -s = Linux
uname -v = #116-Ubuntu SMP Fri Aug 11 21:17:51 UTC 2017

/usr/bin/uname -p = unknown
/bin/uname -X     = unknown

/bin/arch              = unknown
/usr/bin/arch -k       = unknown
/usr/convex/getsysinfo = unknown
/usr/bin/hostinfo      = unknown
/bin/machine           = unknown
/usr/bin/oslevel       = unknown
/bin/universe          = unknown

PATH: /auto_nfs/joule2/programs/IMOD/IMOD_4.7.15/IMOD/bin
PATH: /usr/local/sbin
PATH: /usr/local/bin
PATH: /usr/sbin
PATH: /usr/bin
PATH: /sbin
PATH: /bin
PATH: /usr/games
PATH: /usr/local/games


## ----------- ##
## Core tests. ##
## ----------- ##

configure:2450: checking for a BSD-compatible install
configure:2518: result: /usr/bin/install -c
configure:2529: checking whether build environment is sane
configure:2584: result: yes
configure:2735: checking for a thread-safe mkdir -p
configure:2774: result: /bin/mkdir -p
configure:2781: checking for gawk
configure:2797: found /usr/bin/gawk
configure:2808: result: gawk
configure:2819: checking whether make sets $(MAKE)
configure:2841: result: yes
configure:2870: checking whether make supports nested variables
configure:2887: result: yes
configure:3159: checking for gcc
configure:3175: found /usr/bin/gcc
configure:3186: result: gcc
configure:3415: checking for C compiler version
configure:3424: gcc --version >&5
gcc (Ubuntu 5.4.0-6ubuntu1~16.04.10) 5.4.0 20160609
Copyright (C) 2015 Free Software Foundation, Inc.
This is free software; see the source for copying conditions.  There is NO
warranty; not even for MERCHANTABILITY or FITNESS FOR A PARTICULAR PURPOSE.

configure:3435: $? = 0
configure:3424: gcc -v >&5
Using built-in specs.
COLLECT_GCC=gcc
COLLECT_LTO_WRAPPER=/usr/lib/gcc/x86_64-linux-gnu/5/lto-wrapper
Target: x86_64-linux-gnu
Configured with: ../src/configure -v --with-pkgversion='Ubuntu 5.4.0-6ubuntu1~16.04.10' --with-bugurl=file:///usr/share/doc/gcc-5/README.Bugs --enable-languages=c,ada,c++,java,go,d,fortran,objc,obj-c++ --prefix=/usr --program-suffix=-5 --enable-shared --enable-linker-build-id --libexecdir=/usr/lib --without-included-gettext --enable-threads=posix --libdir=/usr/lib --enable-nls --with-sysroot=/ --enable-clocale=gnu --enable-libstdcxx-debug --enable-libstdcxx-time=yes --with-default-libstdcxx-abi=new --enable-gnu-unique-object --disable-vtable-verify --enable-libmpx --enable-plugin --with-system-zlib --disable-browser-plugin --enable-java-awt=gtk --enable-gtk-cairo --with-java-home=/usr/lib/jvm/java-1.5.0-gcj-5-amd64/jre --enable-java-home --with-jvm-root-dir=/usr/lib/jvm/java-1.5.0-gcj-5-amd64 --with-jvm-jar-dir=/usr/lib/jvm-exports/java-1.5.0-gcj-5-amd64 --with-arch-directory=amd64 --with-ecj-jar=/usr/share/java/eclipse-ecj.jar --enable-objc-gc --enable-multiarch --disable-werror --with-arch-32=i686 --with-abi=m64 --with-multilib-list=m32,m64,mx32 --enable-multilib --with-tune=generic --enable-checking=release --build=x86_64-linux-gnu --host=x86_64-linux-gnu --target=x86_64-linux-gnu
Thread model: posix
gcc version 5.4.0 20160609 (Ubuntu 5.4.0-6ubuntu1~16.04.10) 
configure:3435: $? = 0
configure:3424: gcc -V >&5
gcc: error: unrecognized command line option '-V'
gcc: fatal error: no input files
compilation terminated.
configure:3435: $? = 1
configure:3424: gcc -qversion >&5
gcc: error: unrecognized command line option '-qversion'
gcc: fatal error: no input files
compilation terminated.
configure:3435: $? = 1
configure:3455: checking whether the C compiler works
configure:3477: gcc    conftest.c  >&5
configure:3481: $? = 0
configure:3529: result: yes
configure:3532: checking for C compiler default output file name
configure:3534: result: a.out
configure:3540: checking for suffix of executables
configure:3547: gcc -o conftest    conftest.c  >&5
configure:3551: $? = 0
configure:3573: result: 
configure:3595: checking whether we are cross compiling
configure:3603: gcc -o conftest    conftest.c  >&5
configure:3607: $? = 0
configure:3614: ./conftest
configure:3618: $? = 0
configure:3633: result: no
configure:3638: checking for suffix of object files
configure:3660: gcc -c   conftest.c >&5
configure:3664: $? = 0
configure:3685: result: o
configure:3689: checking whether we are using the GNU C compiler
configure:3708: gcc -c   conftest.c >&5
configure:3708: $? = 0
configure:3717: result: yes
configure:3726: checking whether gcc accepts -g
configure:3746: gcc -c -g  conftest.c >&5
configure:3746: $? = 0
configure:3787: result: yes
configure:3804: checking for gcc option to accept ISO C89
configure:3867: gcc  -c -g -O2  conftest.c >&5
configure:3867: $? = 0
configure:3880: result: none needed
configure:3905: checking whether gcc understands -c and -o together
configure:3927: gcc -c conftest.c -o conftest2.o
configure:3930: $? = 0
configure:3927: gcc -c conftest.c -o conftest2.o
configure:3930: $? = 0
configure:3942: result: yes
configure:3970: checking for style of include used by make
configure:3998: result: GNU
configure:4024: checking dependency style of gcc
configure:4135: result: gcc3
configure:4193: checking for ranlib
configure:4209: found /usr/bin/ranlib
configure:4220: result: ranlib
configure:4246: checking for sqrt in -lm
configure:4271: gcc -o conftest -g -O2   conftest.c -lm   >&5
conftest.c:21:6: warning: conflicting types for built-in function 'sqrt'
 char sqrt ();
      ^
configure:4271: $? = 0
configure:4280: result: yes
configure:4291: checking for dlsym in -ldl
configure:4316: gcc -o conftest -g -O2   conftest.c -ldl  -lm  >&5
configure:4316: $? = 0
configure:4325: result: yes
configure:4343: checking how to run the C preprocessor
configure:4374: gcc -E  conftest.c
configure:4374: $? = 0
configure:4388: gcc -E  conftest.c
conftest.c:16:28: fatal error: ac_nonexistent.h: No such file or directory
compilation terminated.
configure:4388: $? = 1
configure: failed program was:
| /* confdefs.h */
| #define PACKAGE_NAME "FreeSASA"
| #define PACKAGE_TARNAME "freesasa"
| #define PACKAGE_VERSION "2.0"
| #define PACKAGE_STRING "FreeSASA 2.0"
| #define PACKAGE_BUGREPORT ""
| #define PACKAGE_URL ""
| #define PACKAGE "freesasa"
| #define VERSION "2.0"
| #define REPORTBUG "Report bugs to <https://github.com/mittinatten/freesasa/issues>"
| #define HOMEPAGE "<http://freesasa.github.io>"
| #define FREESASA_XMLNS "http://freesasa.github.io/"
| #define HAVE_LIBM 1
| #define HAVE_LIBDL 1
| /* end confdefs.h.  */
| #include <ac_nonexistent.h>
configure:4413: result: gcc -E
configure:4433: gcc -E  conftest.c
configure:4433: $? = 0
configure:4447: gcc -E  conftest.c
conftest.c:16:28: fatal error: ac_nonexistent.h: No such file or directory
compilation terminated.
configure:4447: $? = 1
configure: failed program was:
| /* confdefs.h */
| #define PACKAGE_NAME "FreeSASA"
| #define PACKAGE_TARNAME "freesasa"
| #define PACKAGE_VERSION "2.0"
| #define PACKAGE_STRING "FreeSASA 2.0"
| #define PACKAGE_BUGREPORT ""
| #define PACKAGE_URL ""
| #define PACKAGE "freesasa"
| #define VERSION "2.0"
| #define REPORTBUG "Report bugs to <https://github.com/mittinatten/freesasa/issues>"
| #define HOMEPAGE "<http://freesasa.github.io>"
| #define FREESASA_XMLNS "http://freesasa.github.io/"
| #define HAVE_LIBM 1
| #define HAVE_LIBDL 1
| /* end confdefs.h.  */
| #include <ac_nonexistent.h>
configure:4476: checking for grep that handles long lines and -e
configure:4534: result: /bin/grep
configure:4539: checking for egrep
configure:4601: result: /bin/grep -E
configure:4606: checking for ANSI C header files
configure:4626: gcc -c -g -O2  conftest.c >&5
configure:4626: $? = 0
configure:4699: gcc -o conftest -g -O2   conftest.c -ldl -lm  >&5
configure:4699: $? = 0
configure:4699: ./conftest
configure:4699: $? = 0
configure:4710: result: yes
configure:4723: checking for sys/types.h
configure:4723: gcc -c -g -O2  conftest.c >&5
configure:4723: $? = 0
configure:4723: result: yes
configure:4723: checking for sys/stat.h
configure:4723: gcc -c -g -O2  conftest.c >&5
configure:4723: $? = 0
configure:4723: result: yes
configure:4723: checking for stdlib.h
configure:4723: gcc -c -g -O2  conftest.c >&5
configure:4723: $? = 0
configure:4723: result: yes
configure:4723: checking for string.h
configure:4723: gcc -c -g -O2  conftest.c >&5
configure:4723: $? = 0
configure:4723: result: yes
configure:4723: checking for memory.h
configure:4723: gcc -c -g -O2  conftest.c >&5
configure:4723: $? = 0
configure:4723: result: yes
configure:4723: checking for strings.h
configure:4723: gcc -c -g -O2  conftest.c >&5
configure:4723: $? = 0
configure:4723: result: yes
configure:4723: checking for inttypes.h
configure:4723: gcc -c -g -O2  conftest.c >&5
configure:4723: $? = 0
configure:4723: result: yes
configure:4723: checking for stdint.h
configure:4723: gcc -c -g -O2  conftest.c >&5
configure:4723: $? = 0
configure:4723: result: yes
configure:4723: checking for unistd.h
configure:4723: gcc -c -g -O2  conftest.c >&5
configure:4723: $? = 0
configure:4723: result: yes
configure:4735: checking for size_t
configure:4735: gcc -c -g -O2  conftest.c >&5
configure:4735: $? = 0
configure:4735: gcc -c -g -O2  conftest.c >&5
conftest.c: In function 'main':
conftest.c:62:21: error: expected expression before ')' token
 if (sizeof ((size_t)))
                     ^
configure:4735: $? = 1
configure: failed program was:
| /* confdefs.h */
| #define PACKAGE_NAME "FreeSASA"
| #define PACKAGE_TARNAME "freesasa"
| #define PACKAGE_VERSION "2.0"
| #define PACKAGE_STRING "FreeSASA 2.0"
| #define PACKAGE_BUGREPORT ""
| #define PACKAGE_URL ""
| #define PACKAGE "freesasa"
| #define VERSION "2.0"
| #define REPORTBUG "Report bugs to <https://github.com/mittinatten/freesasa/issues>"
| #define HOMEPAGE "<http://freesasa.github.io>"
| #define FREESASA_XMLNS "http://freesasa.github.io/"
| #define HAVE_LIBM 1
| #define HAVE_LIBDL 1
| #define STDC_HEADERS 1
| #define HAVE_SYS_TYPES_H 1
| #define HAVE_SYS_STAT_H 1
| #define HAVE_STDLIB_H 1
| #define HAVE_STRING_H 1
| #define HAVE_MEMORY_H 1
| #define HAVE_STRINGS_H 1
| #define HAVE_INTTYPES_H 1
| #define HAVE_STDINT_H 1
| #define HAVE_UNISTD_H 1
| /* end confdefs.h.  */
| #include <stdio.h>
| #ifdef HAVE_SYS_TYPES_H
| # include <sys/types.h>
| #endif
| #ifdef HAVE_SYS_STAT_H
| # include <sys/stat.h>
| #endif
| #ifdef STDC_HEADERS
| # include <stdlib.h>
| # include <stddef.h>
| #else
| # ifdef HAVE_STDLIB_H
| #  include <stdlib.h>
| # endif
| #endif
| #ifdef HAVE_STRING_H
| # if !defined STDC_HEADERS && defined HAVE_MEMORY_H
| #  include <memory.h>
| # endif
| # include <string.h>
| #endif
| #ifdef HAVE_STRINGS_H
| # include <strings.h>
| #endif
| #ifdef HAVE_INTTYPES_H
| # include <inttypes.h>
| #endif
| #ifdef HAVE_STDINT_H
| # include <stdint.h>
| #endif
| #ifdef HAVE_UNISTD_H
| # include <unistd.h>
| #endif
| int
| main ()
| {
| if (sizeof ((size_t)))
| 	    return 0;
|   ;
|   return 0;
| }
configure:4735: result: yes
configure:4748: checking for working alloca.h
configure:4765: gcc -o conftest -g -O2   conftest.c -ldl -lm  >&5
configure:4765: $? = 0
configure:4773: result: yes
configure:4781: checking for alloca
configure:4818: gcc -o conftest -g -O2   conftest.c -ldl -lm  >&5
configure:4818: $? = 0
configure:4826: result: yes
configure:4935: checking for inttypes.h
configure:4935: result: yes
configure:4935: checking libintl.h usability
configure:4935: gcc -c -g -O2  conftest.c >&5
configure:4935: $? = 0
configure:4935: result: yes
configure:4935: checking libintl.h presence
configure:4935: gcc -E  conftest.c
configure:4935: $? = 0
configure:4935: result: yes
configure:4935: checking for libintl.h
configure:4935: result: yes
configure:4935: checking malloc.h usability
configure:4935: gcc -c -g -O2  conftest.c >&5
configure:4935: $? = 0
configure:4935: result: yes
configure:4935: checking malloc.h presence
configure:4935: gcc -E  conftest.c
configure:4935: $? = 0
configure:4935: result: yes
configure:4935: checking for malloc.h
configure:4935: result: yes
configure:4935: checking stddef.h usability
configure:4935: gcc -c -g -O2  conftest.c >&5
configure:4935: $? = 0
configure:4935: result: yes
configure:4935: checking stddef.h presence
configure:4935: gcc -E  conftest.c
configure:4935: $? = 0
configure:4935: result: yes
configure:4935: checking for stddef.h
configure:4935: result: yes
configure:4935: checking for stdlib.h
configure:4935: result: yes
configure:4935: checking for string.h
configure:4935: result: yes
configure:4935: checking for strings.h
configure:4935: result: yes
configure:4935: checking sys/time.h usability
configure:4935: gcc -c -g -O2  conftest.c >&5
configure:4935: $? = 0
configure:4935: result: yes
configure:4935: checking sys/time.h presence
configure:4935: gcc -E  conftest.c
configure:4935: $? = 0
configure:4935: result: yes
configure:4935: checking for sys/time.h
configure:4935: result: yes
configure:4935: checking for unistd.h
configure:4935: result: yes
configure:4935: checking dlfcn.h usability
configure:4935: gcc -c -g -O2  conftest.c >&5
configure:4935: $? = 0
configure:4935: result: yes
configure:4935: checking dlfcn.h presence
configure:4935: gcc -E  conftest.c
configure:4935: $? = 0
configure:4935: result: yes
configure:4935: checking for dlfcn.h
configure:4935: result: yes
configure:4947: checking for inline
configure:4963: gcc -c -g -O2  conftest.c >&5
configure:4963: $? = 0
configure:4971: result: inline
configure:4989: checking for size_t
configure:4989: result: yes
configure:5000: checking for C/C++ restrict keyword
configure:5025: gcc -c -g -O2  conftest.c >&5
configure:5025: $? = 0
configure:5033: result: __restrict
configure:5046: checking for int16_t
configure:5046: gcc -c -g -O2  conftest.c >&5
configure:5046: $? = 0
configure:5046: gcc -c -g -O2  conftest.c >&5
conftest.c: In function 'main':
conftest.c:76:12: error: size of array 'test_array' is negative
 static int test_array [1 - 2 * !((int16_t) (((((int16_t) 1 << N) << N) - 1) * 2 + 1)
            ^
configure:5046: $? = 1
configure: failed program was:
| /* confdefs.h */
| #define PACKAGE_NAME "FreeSASA"
| #define PACKAGE_TARNAME "freesasa"
| #define PACKAGE_VERSION "2.0"
| #define PACKAGE_STRING "FreeSASA 2.0"
| #define PACKAGE_BUGREPORT ""
| #define PACKAGE_URL ""
| #define PACKAGE "freesasa"
| #define VERSION "2.0"
| #define REPORTBUG "Report bugs to <https://github.com/mittinatten/freesasa/issues>"
| #define HOMEPAGE "<http://freesasa.github.io>"
| #define FREESASA_XMLNS "http://freesasa.github.io/"
| #define HAVE_LIBM 1
| #define HAVE_LIBDL 1
| #define STDC_HEADERS 1
| #define HAVE_SYS_TYPES_H 1
| #define HAVE_SYS_STAT_H 1
| #define HAVE_STDLIB_H 1
| #define HAVE_STRING_H 1
| #define HAVE_MEMORY_H 1
| #define HAVE_STRINGS_H 1
| #define HAVE_INTTYPES_H 1
| #define HAVE_STDINT_H 1
| #define HAVE_UNISTD_H 1
| #define HAVE_ALLOCA_H 1
| #define HAVE_ALLOCA 1
| #define HAVE_INTTYPES_H 1
| #define HAVE_LIBINTL_H 1
| #define HAVE_MALLOC_H 1
| #define HAVE_STDDEF_H 1
| #define HAVE_STDLIB_H 1
| #define HAVE_STRING_H 1
| #define HAVE_STRINGS_H 1
| #define HAVE_SYS_TIME_H 1
| #define HAVE_UNISTD_H 1
| #define HAVE_DLFCN_H 1
| #define restrict __restrict
| /* end confdefs.h.  */
| #include <stdio.h>
| #ifdef HAVE_SYS_TYPES_H
| # include <sys/types.h>
| #endif
| #ifdef HAVE_SYS_STAT_H
| # include <sys/stat.h>
| #endif
| #ifdef STDC_HEADERS
| # include <stdlib.h>
| # include <stddef.h>
| #else
| # ifdef HAVE_STDLIB_H
| #  include <stdlib.h>
| # endif
| #endif
| #ifdef HAVE_STRING_H
| # if !defined STDC_HEADERS && defined HAVE_MEMORY_H
| #  include <memory.h>
| # endif
| # include <string.h>
| #endif
| #ifdef HAVE_STRINGS_H
| # include <strings.h>
| #endif
| #ifdef HAVE_INTTYPES_H
| # include <inttypes.h>
| #endif
| #ifdef HAVE_STDINT_H
| # include <stdint.h>
| #endif
| #ifdef HAVE_UNISTD_H
| # include <unistd.h>
| #endif
| 	        enum { N = 16 / 2 - 1 };
| int
| main ()
| {
| static int test_array [1 - 2 * !((int16_t) (((((int16_t) 1 << N) << N) - 1) * 2 + 1)
| 		 < (int16_t) (((((int16_t) 1 << N) << N) - 1) * 2 + 2))];
| test_array [0] = 0;
| return test_array [0];
| 
|   ;
|   return 0;
| }
configure:5046: result: yes
configure:5057: checking for int32_t
configure:5057: gcc -c -g -O2  conftest.c >&5
configure:5057: $? = 0
configure:5057: gcc -c -g -O2  conftest.c >&5
conftest.c: In function 'main':
conftest.c:77:53: warning: integer overflow in expression [-Woverflow]
    < (int32_t) (((((int32_t) 1 << N) << N) - 1) * 2 + 2))];
                                                     ^
conftest.c:76:12: error: storage size of 'test_array' isn't constant
 static int test_array [1 - 2 * !((int32_t) (((((int32_t) 1 << N) << N) - 1) * 2 + 1)
            ^
configure:5057: $? = 1
configure: failed program was:
| /* confdefs.h */
| #define PACKAGE_NAME "FreeSASA"
| #define PACKAGE_TARNAME "freesasa"
| #define PACKAGE_VERSION "2.0"
| #define PACKAGE_STRING "FreeSASA 2.0"
| #define PACKAGE_BUGREPORT ""
| #define PACKAGE_URL ""
| #define PACKAGE "freesasa"
| #define VERSION "2.0"
| #define REPORTBUG "Report bugs to <https://github.com/mittinatten/freesasa/issues>"
| #define HOMEPAGE "<http://freesasa.github.io>"
| #define FREESASA_XMLNS "http://freesasa.github.io/"
| #define HAVE_LIBM 1
| #define HAVE_LIBDL 1
| #define STDC_HEADERS 1
| #define HAVE_SYS_TYPES_H 1
| #define HAVE_SYS_STAT_H 1
| #define HAVE_STDLIB_H 1
| #define HAVE_STRING_H 1
| #define HAVE_MEMORY_H 1
| #define HAVE_STRINGS_H 1
| #define HAVE_INTTYPES_H 1
| #define HAVE_STDINT_H 1
| #define HAVE_UNISTD_H 1
| #define HAVE_ALLOCA_H 1
| #define HAVE_ALLOCA 1
| #define HAVE_INTTYPES_H 1
| #define HAVE_LIBINTL_H 1
| #define HAVE_MALLOC_H 1
| #define HAVE_STDDEF_H 1
| #define HAVE_STDLIB_H 1
| #define HAVE_STRING_H 1
| #define HAVE_STRINGS_H 1
| #define HAVE_SYS_TIME_H 1
| #define HAVE_UNISTD_H 1
| #define HAVE_DLFCN_H 1
| #define restrict __restrict
| /* end confdefs.h.  */
| #include <stdio.h>
| #ifdef HAVE_SYS_TYPES_H
| # include <sys/types.h>
| #endif
| #ifdef HAVE_SYS_STAT_H
| # include <sys/stat.h>
| #endif
| #ifdef STDC_HEADERS
| # include <stdlib.h>
| # include <stddef.h>
| #else
| # ifdef HAVE_STDLIB_H
| #  include <stdlib.h>
| # endif
| #endif
| #ifdef HAVE_STRING_H
| # if !defined STDC_HEADERS && defined HAVE_MEMORY_H
| #  include <memory.h>
| # endif
| # include <string.h>
| #endif
| #ifdef HAVE_STRINGS_H
| # include <strings.h>
| #endif
| #ifdef HAVE_INTTYPES_H
| # include <inttypes.h>
| #endif
| #ifdef HAVE_STDINT_H
| # include <stdint.h>
| #endif
| #ifdef HAVE_UNISTD_H
| # include <unistd.h>
| #endif
| 	        enum { N = 32 / 2 - 1 };
| int
| main ()
| {
| static int test_array [1 - 2 * !((int32_t) (((((int32_t) 1 << N) << N) - 1) * 2 + 1)
| 		 < (int32_t) (((((int32_t) 1 << N) << N) - 1) * 2 + 2))];
| test_array [0] = 0;
| return test_array [0];
| 
|   ;
|   return 0;
| }
configure:5057: result: yes
configure:5068: checking for int8_t
configure:5068: gcc -c -g -O2  conftest.c >&5
configure:5068: $? = 0
configure:5068: gcc -c -g -O2  conftest.c >&5
conftest.c: In function 'main':
conftest.c:76:12: error: size of array 'test_array' is negative
 static int test_array [1 - 2 * !((int8_t) (((((int8_t) 1 << N) << N) - 1) * 2 + 1)
            ^
configure:5068: $? = 1
configure: failed program was:
| /* confdefs.h */
| #define PACKAGE_NAME "FreeSASA"
| #define PACKAGE_TARNAME "freesasa"
| #define PACKAGE_VERSION "2.0"
| #define PACKAGE_STRING "FreeSASA 2.0"
| #define PACKAGE_BUGREPORT ""
| #define PACKAGE_URL ""
| #define PACKAGE "freesasa"
| #define VERSION "2.0"
| #define REPORTBUG "Report bugs to <https://github.com/mittinatten/freesasa/issues>"
| #define HOMEPAGE "<http://freesasa.github.io>"
| #define FREESASA_XMLNS "http://freesasa.github.io/"
| #define HAVE_LIBM 1
| #define HAVE_LIBDL 1
| #define STDC_HEADERS 1
| #define HAVE_SYS_TYPES_H 1
| #define HAVE_SYS_STAT_H 1
| #define HAVE_STDLIB_H 1
| #define HAVE_STRING_H 1
| #define HAVE_MEMORY_H 1
| #define HAVE_STRINGS_H 1
| #define HAVE_INTTYPES_H 1
| #define HAVE_STDINT_H 1
| #define HAVE_UNISTD_H 1
| #define HAVE_ALLOCA_H 1
| #define HAVE_ALLOCA 1
| #define HAVE_INTTYPES_H 1
| #define HAVE_LIBINTL_H 1
| #define HAVE_MALLOC_H 1
| #define HAVE_STDDEF_H 1
| #define HAVE_STDLIB_H 1
| #define HAVE_STRING_H 1
| #define HAVE_STRINGS_H 1
| #define HAVE_SYS_TIME_H 1
| #define HAVE_UNISTD_H 1
| #define HAVE_DLFCN_H 1
| #define restrict __restrict
| /* end confdefs.h.  */
| #include <stdio.h>
| #ifdef HAVE_SYS_TYPES_H
| # include <sys/types.h>
| #endif
| #ifdef HAVE_SYS_STAT_H
| # include <sys/stat.h>
| #endif
| #ifdef STDC_HEADERS
| # include <stdlib.h>
| # include <stddef.h>
| #else
| # ifdef HAVE_STDLIB_H
| #  include <stdlib.h>
| # endif
| #endif
| #ifdef HAVE_STRING_H
| # if !defined STDC_HEADERS && defined HAVE_MEMORY_H
| #  include <memory.h>
| # endif
| # include <string.h>
| #endif
| #ifdef HAVE_STRINGS_H
| # include <strings.h>
| #endif
| #ifdef HAVE_INTTYPES_H
| # include <inttypes.h>
| #endif
| #ifdef HAVE_STDINT_H
| # include <stdint.h>
| #endif
| #ifdef HAVE_UNISTD_H
| # include <unistd.h>
| #endif
| 	        enum { N = 8 / 2 - 1 };
| int
| main ()
| {
| static int test_array [1 - 2 * !((int8_t) (((((int8_t) 1 << N) << N) - 1) * 2 + 1)
| 		 < (int8_t) (((((int8_t) 1 << N) << N) - 1) * 2 + 2))];
| test_array [0] = 0;
| return test_array [0];
| 
|   ;
|   return 0;
| }
configure:5068: result: yes
configure:5079: checking for uint16_t
configure:5079: gcc -c -g -O2  conftest.c >&5
configure:5079: $? = 0
configure:5079: result: yes
configure:5091: checking for uint32_t
configure:5091: gcc -c -g -O2  conftest.c >&5
configure:5091: $? = 0
configure:5091: result: yes
configure:5105: checking for uint64_t
configure:5105: gcc -c -g -O2  conftest.c >&5
configure:5105: $? = 0
configure:5105: result: yes
configure:5119: checking for uint8_t
configure:5119: gcc -c -g -O2  conftest.c >&5
configure:5119: $? = 0
configure:5119: result: yes
configure:5135: checking for gcc option to accept ISO C99
configure:5284: gcc  -c -g -O2  conftest.c >&5
configure:5284: $? = 0
configure:5297: result: none needed
configure:5312: checking for inline
configure:5336: result: inline
configure:5358: checking for stdlib.h
configure:5358: result: yes
configure:5368: checking for GNU libc compatible malloc
configure:5392: gcc -o conftest -g -O2   conftest.c -ldl -lm  >&5
configure:5392: $? = 0
configure:5392: ./conftest
configure:5392: $? = 0
configure:5402: result: yes
configure:5425: checking for stdlib.h
configure:5425: result: yes
configure:5435: checking for GNU libc compatible realloc
configure:5459: gcc -o conftest -g -O2   conftest.c -ldl -lm  >&5
configure:5459: $? = 0
configure:5459: ./conftest
configure:5459: $? = 0
configure:5469: result: yes
configure:5493: checking for memset
configure:5493: gcc -o conftest -g -O2   conftest.c -ldl -lm  >&5
conftest.c:66:6: warning: conflicting types for built-in function 'memset'
 char memset ();
      ^
configure:5493: $? = 0
configure:5493: result: yes
configure:5493: checking for mkdir
configure:5493: gcc -o conftest -g -O2   conftest.c -ldl -lm  >&5
configure:5493: $? = 0
configure:5493: result: yes
configure:5493: checking for sqrt
configure:5493: gcc -o conftest -g -O2   conftest.c -ldl -lm  >&5
conftest.c:68:6: warning: conflicting types for built-in function 'sqrt'
 char sqrt ();
      ^
configure:5493: $? = 0
configure:5493: result: yes
configure:5493: checking for strchr
configure:5493: gcc -o conftest -g -O2   conftest.c -ldl -lm  >&5
conftest.c:69:6: warning: conflicting types for built-in function 'strchr'
 char strchr ();
      ^
configure:5493: $? = 0
configure:5493: result: yes
configure:5493: checking for strdup
configure:5493: gcc -o conftest -g -O2   conftest.c -ldl -lm  >&5
conftest.c:70:6: warning: conflicting types for built-in function 'strdup'
 char strdup ();
      ^
configure:5493: $? = 0
configure:5493: result: yes
configure:5493: checking for strerror
configure:5493: gcc -o conftest -g -O2   conftest.c -ldl -lm  >&5
configure:5493: $? = 0
configure:5493: result: yes
configure:5493: checking for strncasecmp
configure:5493: gcc -o conftest -g -O2   conftest.c -ldl -lm  >&5
conftest.c:72:6: warning: conflicting types for built-in function 'strncasecmp'
 char strncasecmp ();
      ^
configure:5493: $? = 0
configure:5493: result: yes
configure:5493: checking for getopt_long
configure:5493: gcc -o conftest -g -O2   conftest.c -ldl -lm  >&5
configure:5493: $? = 0
configure:5493: result: yes
configure:5493: checking for getline
configure:5493: gcc -o conftest -g -O2   conftest.c -ldl -lm  >&5
configure:5493: $? = 0
configure:5493: result: yes
configure:5518: checking for pthread_create in -lpthread
configure:5543: gcc -o conftest -g -O2   conftest.c -lpthread  -ldl -lm  >&5
configure:5543: $? = 0
configure:5552: result: yes
configure:5563: checking pthread.h usability
configure:5563: gcc -c -g -O2  conftest.c >&5
configure:5563: $? = 0
configure:5563: result: yes
configure:5563: checking pthread.h presence
configure:5563: gcc -E  conftest.c
configure:5563: $? = 0
configure:5563: result: yes
configure:5563: checking for pthread.h
configure:5563: result: yes
configure:5860: Building without support for XML output.
configure:5985: Building without support for JSON output.
configure:6793: checking that generated files are newer than configure
configure:6799: result: done
configure:6898: creating ./config.status

## ---------------------- ##
## Running config.status. ##
## ---------------------- ##

This file was extended by FreeSASA config.status 2.0, which was
generated by GNU Autoconf 2.69.  Invocation command line was

  CONFIG_FILES    = 
  CONFIG_HEADERS  = 
  CONFIG_LINKS    = 
  CONFIG_COMMANDS = 
  $ ./config.status 

on escher.mbi.ucla.edu

config.status:938: creating Makefile
config.status:938: creating src/Makefile
config.status:938: creating doc/Makefile
config.status:938: creating doc/Doxyfile
config.status:938: creating tests/Makefile
config.status:938: creating bindings/Makefile
config.status:938: creating share/Makefile
config.status:938: creating bindings/python/setup.py
config.status:938: creating tests/test-cli
config.status:938: creating bindings/check-python
config.status:938: creating config.h
config.status:1167: executing depfiles commands

## ---------------- ##
## Cache variables. ##
## ---------------- ##

ac_cv_c_compiler_gnu=yes
ac_cv_c_inline=inline
ac_cv_c_int16_t=yes
ac_cv_c_int32_t=yes
ac_cv_c_int8_t=yes
ac_cv_c_restrict=__restrict
ac_cv_c_uint16_t=yes
ac_cv_c_uint32_t=yes
ac_cv_c_uint64_t=yes
ac_cv_c_uint8_t=yes
ac_cv_env_CC_set=
ac_cv_env_CC_value=
ac_cv_env_CFLAGS_set=
ac_cv_env_CFLAGS_value=
ac_cv_env_CPPFLAGS_set=
ac_cv_env_CPPFLAGS_value=
ac_cv_env_CPP_set=
ac_cv_env_CPP_value=
ac_cv_env_LDFLAGS_set=
ac_cv_env_LDFLAGS_value=
ac_cv_env_LIBS_set=
ac_cv_env_LIBS_value=
ac_cv_env_PKG_CONFIG_LIBDIR_set=
ac_cv_env_PKG_CONFIG_LIBDIR_value=
ac_cv_env_PKG_CONFIG_PATH_set=
ac_cv_env_PKG_CONFIG_PATH_value=
ac_cv_env_PKG_CONFIG_set=
ac_cv_env_PKG_CONFIG_value=
ac_cv_env_build_alias_set=
ac_cv_env_build_alias_value=
ac_cv_env_host_alias_set=
ac_cv_env_host_alias_value=
ac_cv_env_libxml2_CFLAGS_set=
ac_cv_env_libxml2_CFLAGS_value=
ac_cv_env_libxml2_LIBS_set=
ac_cv_env_libxml2_LIBS_value=
ac_cv_env_target_alias_set=
ac_cv_env_target_alias_value=
ac_cv_func_alloca_works=yes
ac_cv_func_getline=yes
ac_cv_func_getopt_long=yes
ac_cv_func_malloc_0_nonnull=yes
ac_cv_func_memset=yes
ac_cv_func_mkdir=yes
ac_cv_func_realloc_0_nonnull=yes
ac_cv_func_sqrt=yes
ac_cv_func_strchr=yes
ac_cv_func_strdup=yes
ac_cv_func_strerror=yes
ac_cv_func_strncasecmp=yes
ac_cv_header_dlfcn_h=yes
ac_cv_header_inttypes_h=yes
ac_cv_header_libintl_h=yes
ac_cv_header_malloc_h=yes
ac_cv_header_memory_h=yes
ac_cv_header_pthread_h=yes
ac_cv_header_stdc=yes
ac_cv_header_stddef_h=yes
ac_cv_header_stdint_h=yes
ac_cv_header_stdlib_h=yes
ac_cv_header_string_h=yes
ac_cv_header_strings_h=yes
ac_cv_header_sys_stat_h=yes
ac_cv_header_sys_time_h=yes
ac_cv_header_sys_types_h=yes
ac_cv_header_unistd_h=yes
ac_cv_lib_dl_dlsym=yes
ac_cv_lib_m_sqrt=yes
ac_cv_lib_pthread_pthread_create=yes
ac_cv_objext=o
ac_cv_path_EGREP='/bin/grep -E'
ac_cv_path_GREP=/bin/grep
ac_cv_path_install='/usr/bin/install -c'
ac_cv_path_mkdir=/bin/mkdir
ac_cv_prog_AWK=gawk
ac_cv_prog_CPP='gcc -E'
ac_cv_prog_ac_ct_CC=gcc
ac_cv_prog_ac_ct_RANLIB=ranlib
ac_cv_prog_cc_c89=
ac_cv_prog_cc_c99=
ac_cv_prog_cc_g=yes
ac_cv_prog_make_make_set=yes
ac_cv_type_size_t=yes
ac_cv_working_alloca_h=yes
am_cv_CC_dependencies_compiler_type=gcc3
am_cv_make_support_nested_variables=yes
am_cv_prog_cc_c_o=yes

## ----------------- ##
## Output variables. ##
## ----------------- ##

ACLOCAL='${SHELL} /home/jlaniado/bin/freesasa/freesasa-2.0/missing aclocal-1.15'
ALLOCA=''
AMDEPBACKSLASH='\'
AMDEP_FALSE='#'
AMDEP_TRUE=''
AMTAR='$${TAR-tar}'
AM_BACKSLASH='\'
AM_DEFAULT_V='$(AM_DEFAULT_VERBOSITY)'
AM_DEFAULT_VERBOSITY='1'
AM_V='$(V)'
AUTOCONF='${SHELL} /home/jlaniado/bin/freesasa/freesasa-2.0/missing autoconf'
AUTOHEADER='${SHELL} /home/jlaniado/bin/freesasa/freesasa-2.0/missing autoheader'
AUTOMAKE='${SHELL} /home/jlaniado/bin/freesasa/freesasa-2.0/missing automake-1.15'
AWK='gawk'
BUILD_DOC_FALSE=''
BUILD_DOC_TRUE='#'
CC='gcc'
CCDEPMODE='depmode=gcc3'
CFLAGS='-g -O2'
CHECK_FOR_PY_BINDINGS=''
COND_GCOV_FALSE=''
COND_GCOV_TRUE='#'
CPP='gcc -E'
CPPFLAGS=''
CYGPATH_W='echo'
CYTHON=''
DEFS='-DHAVE_CONFIG_H'
DEPDIR='.deps'
DOXYGEN=''
ECHO_C=''
ECHO_N='-n'
ECHO_T=''
EGREP='/bin/grep -E'
EXEEXT=''
GENERATE_PARSER_FALSE=''
GENERATE_PARSER_TRUE='#'
GREP='/bin/grep'
HAVE_CYTHON_FALSE=''
HAVE_CYTHON_TRUE='#'
HAVE_DOXYGEN_FALSE=''
HAVE_DOXYGEN_TRUE='#'
INSTALL_DATA='${INSTALL} -m 644'
INSTALL_PROGRAM='${INSTALL}'
INSTALL_SCRIPT='${INSTALL}'
INSTALL_STRIP_PROGRAM='$(install_sh) -c -s'
JSONC_FOR_PY_BINDINGS=''
JSONLINT=''
LDFLAGS=''
LEX=''
LEXLIB=''
LEX_OUTPUT_ROOT=''
LIBOBJS=''
LIBS='-lpthread -ldl -lm '
LIBXML_FOR_PY_BINDINGS=''
LTLIBOBJS=''
MAKEINFO='${SHELL} /home/jlaniado/bin/freesasa/freesasa-2.0/missing makeinfo'
MKDIR_P='/bin/mkdir -p'
OBJEXT='o'
PACKAGE='freesasa'
PACKAGE_BUGREPORT=''
PACKAGE_NAME='FreeSASA'
PACKAGE_STRING='FreeSASA 2.0'
PACKAGE_TARNAME='freesasa'
PACKAGE_URL=''
PACKAGE_VERSION='2.0'
PATH_SEPARATOR=':'
PKG_CONFIG=''
PKG_CONFIG_LIBDIR=''
PKG_CONFIG_PATH=''
PYTHON=''
RANLIB='ranlib'
RUN_CLI_TESTS_FALSE='#'
RUN_CLI_TESTS_TRUE=''
SET_MAKE=''
SHELL='/bin/bash'
STRIP=''
USE_CHECK_FALSE=''
USE_CHECK_TRUE='#'
USE_JSON=''
USE_JSON_FALSE=''
USE_JSON_TRUE='#'
USE_THREADS_FALSE='#'
USE_THREADS_TRUE=''
USE_XML=''
USE_XML_FALSE=''
USE_XML_TRUE='#'
VERSION='2.0'
XMLLINT=''
YACC=''
ac_ct_CC='gcc'
am__EXEEXT_FALSE=''
am__EXEEXT_TRUE='#'
am__fastdepCC_FALSE='#'
am__fastdepCC_TRUE=''
am__include='include'
am__isrc=''
am__leading_dot='.'
am__nodep='_no'
am__quote=''
am__tar='$${TAR-tar} chof - "$$tardir"'
am__untar='$${TAR-tar} xf -'
bindir='${exec_prefix}/bin'
build_alias=''
datadir='${datarootdir}'
datarootdir='${prefix}/share'
docdir='${datarootdir}/doc/${PACKAGE_TARNAME}'
dvidir='${docdir}'
exec_prefix='${prefix}'
host_alias=''
htmldir='${docdir}'
includedir='${prefix}/include'
infodir='${datarootdir}/info'
install_sh='${SHELL} /home/jlaniado/bin/freesasa/freesasa-2.0/install-sh'
libdir='${exec_prefix}/lib'
libexecdir='${exec_prefix}/libexec'
libxml2_CFLAGS=''
libxml2_LIBS=''
localedir='${datarootdir}/locale'
localstatedir='${prefix}/var'
mandir='${datarootdir}/man'
mkdir_p='$(MKDIR_P)'
oldincludedir='/usr/include'
pdfdir='${docdir}'
prefix='/home/jlaniado/bin/freesasa/local'
program_transform_name='s,x,x,'
psdir='${docdir}'
sbindir='${exec_prefix}/sbin'
sharedstatedir='${prefix}/com'
sysconfdir='${prefix}/etc'
target_alias=''

## ----------- ##
## confdefs.h. ##
## ----------- ##

/* confdefs.h */
#define PACKAGE_NAME "FreeSASA"
#define PACKAGE_TARNAME "freesasa"
#define PACKAGE_VERSION "2.0"
#define PACKAGE_STRING "FreeSASA 2.0"
#define PACKAGE_BUGREPORT ""
#define PACKAGE_URL ""
#define PACKAGE "freesasa"
#define VERSION "2.0"
#define REPORTBUG "Report bugs to <https://github.com/mittinatten/freesasa/issues>"
#define HOMEPAGE "<http://freesasa.github.io>"
#define FREESASA_XMLNS "http://freesasa.github.io/"
#define HAVE_LIBM 1
#define HAVE_LIBDL 1
#define STDC_HEADERS 1
#define HAVE_SYS_TYPES_H 1
#define HAVE_SYS_STAT_H 1
#define HAVE_STDLIB_H 1
#define HAVE_STRING_H 1
#define HAVE_MEMORY_H 1
#define HAVE_STRINGS_H 1
#define HAVE_INTTYPES_H 1
#define HAVE_STDINT_H 1
#define HAVE_UNISTD_H 1
#define HAVE_ALLOCA_H 1
#define HAVE_ALLOCA 1
#define HAVE_INTTYPES_H 1
#define HAVE_LIBINTL_H 1
#define HAVE_MALLOC_H 1
#define HAVE_STDDEF_H 1
#define HAVE_STDLIB_H 1
#define HAVE_STRING_H 1
#define HAVE_STRINGS_H 1
#define HAVE_SYS_TIME_H 1
#define HAVE_UNISTD_H 1
#define HAVE_DLFCN_H 1
#define restrict __restrict
#define HAVE_STDLIB_H 1
#define HAVE_MALLOC 1
#define HAVE_STDLIB_H 1
#define HAVE_REALLOC 1
#define HAVE_MEMSET 1
#define HAVE_MKDIR 1
#define HAVE_SQRT 1
#define HAVE_STRCHR 1
#define HAVE_STRDUP 1
#define HAVE_STRERROR 1
#define HAVE_STRNCASECMP 1
#define HAVE_GETOPT_LONG 1
#define HAVE_GETLINE 1
#define HAVE_LIBPTHREAD 1
#define USE_THREADS 1
#define USE_XML 0
#define USE_JSON 0
#define USE_CHECK 0

configure: exit 0
